16:31:41.007 [main] INFO  api.test.userTest - **************************Creating User***************************************
16:31:49.926 [main] INFO  api.test.userTest - ************************** User Created ***************************************
16:31:49.982 [main] INFO  api.test.userTest - **************************Retiving  User***************************************
16:31:51.407 [main] INFO  api.test.userTest - **************************User Retrived***************************************
16:31:51.432 [main] INFO  api.test.userTest - **************************Updating User***************************************
16:31:53.931 [main] INFO  api.test.userTest - **************************User Updated***************************************
16:31:53.952 [main] INFO  api.test.userTest - **************************Deleting User***************************************
16:31:55.150 [main] INFO  api.test.userTest - ************************** User Deleted***************************************
17:49:00.875 [main] INFO  api.test.userTest - **************************Creating User***************************************
17:49:17.608 [main] INFO  api.test.userTest - ************************** User Created ***************************************
17:49:17.881 [main] INFO  api.test.userTest - **************************Retiving  User***************************************
17:49:20.627 [main] INFO  api.test.userTest - **************************User Retrived***************************************
17:49:20.642 [main] INFO  api.test.userTest - **************************Updating User***************************************
17:49:23.569 [main] INFO  api.test.userTest - **************************User Updated***************************************
17:49:23.585 [main] INFO  api.test.userTest - **************************Deleting User***************************************
17:49:24.919 [main] INFO  api.test.userTest - ************************** User Deleted***************************************
17:53:29.464 [main] INFO  api.test.userTest - **************************Creating User***************************************
17:53:42.408 [main] INFO  api.test.userTest - ************************** User Created ***************************************
17:53:42.521 [main] INFO  api.test.userTest - **************************Retiving  User***************************************
17:53:43.973 [main] INFO  api.test.userTest - **************************User Retrived***************************************
17:53:43.993 [main] INFO  api.test.userTest - **************************Updating User***************************************
17:53:46.688 [main] INFO  api.test.userTest - **************************User Updated***************************************
17:53:46.702 [main] INFO  api.test.userTest - **************************Deleting User***************************************
17:53:47.961 [main] INFO  api.test.userTest - ************************** User Deleted***************************************
17:57:27.656 [main] INFO  api.test.userTest - **************************Creating User***************************************
17:57:35.170 [main] INFO  api.test.userTest - ************************** User Created ***************************************
17:57:35.221 [main] INFO  api.test.userTest - **************************Retiving  User***************************************
17:57:36.730 [main] INFO  api.test.userTest - **************************User Retrived***************************************
17:57:36.774 [main] INFO  api.test.userTest - **************************Updating User***************************************
17:57:40.976 [main] INFO  api.test.userTest - **************************User Updated***************************************
17:57:41.008 [main] INFO  api.test.userTest - **************************Deleting User***************************************
17:57:42.343 [main] INFO  api.test.userTest - ************************** User Deleted***************************************
17:57:42.494 [main] INFO  api.test.userTest2 - **************************Creating User***************************************
17:57:43.851 [main] INFO  api.test.userTest2 - ************************** User Created ***************************************
17:57:43.874 [main] INFO  api.test.userTest2 - **************************Retiving  User***************************************
17:57:45.158 [main] INFO  api.test.userTest2 - **************************User Retrived***************************************
17:57:45.191 [main] INFO  api.test.userTest2 - **************************Updating User***************************************
17:57:47.885 [main] INFO  api.test.userTest2 - **************************User Updated***************************************
17:57:47.915 [main] INFO  api.test.userTest2 - **************************Deleting User***************************************
17:57:49.308 [main] INFO  api.test.userTest2 - ************************** User Deleted***************************************
18:13:11.933 [main] INFO  api.test.userTest - **************************Creating User***************************************
18:13:27.499 [main] INFO  api.test.userTest - ************************** User Created ***************************************
18:13:27.582 [main] INFO  api.test.userTest - **************************Retiving  User***************************************
18:13:29.240 [main] INFO  api.test.userTest - **************************User Retrived***************************************
18:13:29.247 [main] INFO  api.test.userTest - **************************Updating User***************************************
18:13:32.199 [main] INFO  api.test.userTest - **************************User Updated***************************************
18:13:32.207 [main] INFO  api.test.userTest - **************************Deleting User***************************************
18:13:33.654 [main] INFO  api.test.userTest - ************************** User Deleted***************************************
18:13:33.956 [main] INFO  api.test.userTest2 - **************************Creating User***************************************
18:13:36.094 [main] INFO  api.test.userTest2 - ************************** User Created ***************************************
18:13:36.098 [main] INFO  api.test.userTest2 - **************************Retiving  User***************************************
18:13:37.504 [main] INFO  api.test.userTest2 - **************************User Retrived***************************************
18:13:37.511 [main] INFO  api.test.userTest2 - **************************Updating User***************************************
18:13:40.199 [main] INFO  api.test.userTest2 - **************************User Updated***************************************
18:13:40.215 [main] INFO  api.test.userTest2 - **************************Deleting User***************************************
18:13:41.574 [main] INFO  api.test.userTest2 - ************************** User Deleted***************************************
18:26:26.905 [main] INFO  api.test.userTest - **************************Creating User***************************************
18:26:47.022 [main] INFO  api.test.userTest - ************************** User Created ***************************************
18:26:47.101 [main] INFO  api.test.userTest - **************************Retiving  User***************************************
18:26:48.803 [main] INFO  api.test.userTest - **************************User Retrived***************************************
18:26:48.817 [main] INFO  api.test.userTest - **************************Updating User***************************************
18:26:51.687 [main] INFO  api.test.userTest - **************************User Updated***************************************
18:26:51.701 [main] INFO  api.test.userTest - **************************Deleting User***************************************
18:26:53.208 [main] INFO  api.test.userTest - ************************** User Deleted***************************************
18:26:53.695 [main] INFO  api.test.userTest2 - **************************Creating User***************************************
18:26:55.308 [main] INFO  api.test.userTest2 - ************************** User Created ***************************************
18:26:55.313 [main] INFO  api.test.userTest2 - **************************Retiving  User***************************************
18:26:56.785 [main] INFO  api.test.userTest2 - **************************User Retrived***************************************
18:26:56.801 [main] INFO  api.test.userTest2 - **************************Updating User***************************************
18:26:59.611 [main] INFO  api.test.userTest2 - **************************User Updated***************************************
18:26:59.616 [main] INFO  api.test.userTest2 - **************************Deleting User***************************************
18:27:01.036 [main] INFO  api.test.userTest2 - ************************** User Deleted***************************************
10:28:03.431 [main] INFO  api.test.userTest - **************************Creating User***************************************
10:28:55.430 [main] INFO  api.test.userTest - ************************** User Created ***************************************
10:28:55.599 [main] INFO  api.test.userTest - **************************Retiving  User***************************************
10:28:58.213 [main] INFO  api.test.userTest - **************************User Retrived***************************************
10:28:58.220 [main] INFO  api.test.userTest - **************************Updating User***************************************
10:29:01.005 [main] INFO  api.test.userTest - **************************User Updated***************************************
10:29:01.028 [main] INFO  api.test.userTest - **************************Deleting User***************************************
10:29:02.393 [main] INFO  api.test.userTest - ************************** User Deleted***************************************
10:29:04.651 [main] INFO  api.test.userTest2 - **************************Creating User***************************************
10:29:06.406 [main] INFO  api.test.userTest2 - ************************** User Created ***************************************
10:29:06.412 [main] INFO  api.test.userTest2 - **************************Retiving  User***************************************
10:29:07.650 [main] INFO  api.test.userTest2 - **************************User Retrived***************************************
10:29:07.656 [main] INFO  api.test.userTest2 - **************************Updating User***************************************
10:29:10.335 [main] INFO  api.test.userTest2 - **************************User Updated***************************************
10:29:10.343 [main] INFO  api.test.userTest2 - **************************Deleting User***************************************
10:29:11.588 [main] INFO  api.test.userTest2 - ************************** User Deleted***************************************
